Using pre-set license
Built from '2020.2/china_unity/release' branch; Version is '2020.2.7f1c1 (90377d9151b9) revision 9451389'; Using compiler version '192528614'; Build Type 'Release'
OS: 'Windows 10 Home China; OS build 19043.1415; Version 2009; 64bit' Language: 'zh' Physical Memory: 8078 MB
BatchMode: 1, IsHumanControllingUs: 0, StartBugReporterOnCrash: 0, Is64bit: 1, IsPro: 0

 COMMAND LINE ARGUMENTS:
D:\Unity\2020.2.7f1c1\Editor\Unity.exe
-adb2
-batchMode
-noUpm
-name
AssetImportWorker0
-projectPath
D:/BaiduNetdiskDownload/Year 3/Programming for 3D/P3DProject
-logFile
Logs/AssetImportWorker0.log
-srvPort
6984
Successfully changed project path to: D:/BaiduNetdiskDownload/Year 3/Programming for 3D/P3DProject
D:/BaiduNetdiskDownload/Year 3/Programming for 3D/P3DProject
Using Asset Import Pipeline V2.
Refreshing native plugins compatible for Editor in 53.15 ms, found 0 plugins.
Preloading 0 native plugins for Editor in 0.00 ms.
Initialize engine version: 2020.2.7f1c1 (90377d9151b9)
[Subsystems] Discovering subsystems at path D:/Unity/2020.2.7f1c1/Editor/Data/Resources/UnitySubsystems
[Subsystems] Discovering subsystems at path D:/BaiduNetdiskDownload/Year 3/Programming for 3D/P3DProject/Assets
GfxDevice: creating device client; threaded=0
Direct3D:
    Version:  Direct3D 11.0 [level 11.1]
    Renderer: NVIDIA GeForce GTX 1050 Ti (ID=0x1c8c)
    Vendor:   
    VRAM:     4018 MB
    Driver:   27.21.14.6280
Initialize mono
Mono path[0] = 'D:/Unity/2020.2.7f1c1/Editor/Data/Managed'
Mono path[1] = 'D:/Unity/2020.2.7f1c1/Editor/Data/MonoBleedingEdge/lib/mono/unityjit'
Mono config path = 'D:/Unity/2020.2.7f1c1/Editor/Data/MonoBleedingEdge/etc'
Using monoOptions --debugger-agent=transport=dt_socket,embedding=1,server=y,suspend=n,address=127.0.0.1:56080
Begin MonoManager ReloadAssembly
Registering precompiled unity dll's ...
Register platform support module: D:/Unity/2020.2.7f1c1/Editor/Data/PlaybackEngines/WindowsStandaloneSupport/UnityEditor.WindowsStandalone.Extensions.dll
Registered in 0.011689 seconds.
Native extension for WindowsStandalone target not found
Refreshing native plugins compatible for Editor in 41.89 ms, found 0 plugins.
Preloading 0 native plugins for Editor in 0.00 ms.
Invoked RoslynAnalysisRunner static constructor.
RoslynAnalysisRunner will not be running.
RoslynAnalysisRunner has terminated.
Mono: successfully reloaded assembly
- Completed reload, in  1.633 seconds
Platform modules already initialized, skipping
Registering precompiled user dll's ...
Registered in 0.010812 seconds.
Begin MonoManager ReloadAssembly
Native extension for WindowsStandalone target not found
Refreshing native plugins compatible for Editor in 0.31 ms, found 0 plugins.
Preloading 0 native plugins for Editor in 0.00 ms.
Invoked RoslynAnalysisRunner static constructor.
RoslynAnalysisRunner will not be running.
RoslynAnalysisRunner has terminated.
Mono: successfully reloaded assembly
- Completed reload, in  1.393 seconds
Platform modules already initialized, skipping
========================================================================
Worker process is ready to serve import requests
Launched and connected shader compiler UnityShaderCompiler.exe after 0.10 seconds
Refreshing native plugins compatible for Editor in 0.36 ms, found 0 plugins.
Preloading 0 native plugins for Editor in 0.00 ms.
Unloading 1392 Unused Serialized files (Serialized files now loaded: 0)
System memory in use before: 68.8 MB.
System memory in use after: 68.9 MB.

Unloading 15 unused Assets to reduce memory usage. Loaded Objects now: 1835.
Total: 2.124100 ms (FindLiveObjects: 0.285600 ms CreateObjectMapping: 0.072700 ms MarkObjects: 1.656000 ms  DeleteObjects: 0.108800 ms)

========================================================================
Received Import Request.
  path: Assets/Scripts/ButtonDoorController.cs
  artifactKey: Guid(0bf91d60ddc2cde4cb9fe14844339045) Importer(815301076,1909f56bfc062723c751e8b465ee728b)
Start importing Assets/Scripts/ButtonDoorController.cs using Guid(0bf91d60ddc2cde4cb9fe14844339045) Importer(815301076,1909f56bfc062723c751e8b465ee728b)  -> (artifact id: '84d622a83787c139bf24bee47ef4a188') in 0.102042 seconds
  Import took 0.169493 seconds .

========================================================================
Received Import Request.
  Time since last request: 205.782805 seconds.
  path: Assets/Scripts/DoorRaycast.cs
  artifactKey: Guid(96440481e56b42545b3ecaf61be141f6) Importer(815301076,1909f56bfc062723c751e8b465ee728b)
Start importing Assets/Scripts/DoorRaycast.cs using Guid(96440481e56b42545b3ecaf61be141f6) Importer(815301076,1909f56bfc062723c751e8b465ee728b)  -> (artifact id: 'b63447d38cf7b2d61e68621b7c23f764') in 0.008160 seconds
  Import took 0.012729 seconds .

========================================================================
Received Import Request.
  Time since last request: 0.010854 seconds.
  path: Assets/Scripts/DoorRaycast.cs
  artifactKey: Guid(96440481e56b42545b3ecaf61be141f6) Importer(815301076,1909f56bfc062723c751e8b465ee728b)
Start importing Assets/Scripts/DoorRaycast.cs using Guid(96440481e56b42545b3ecaf61be141f6) Importer(815301076,1909f56bfc062723c751e8b465ee728b)  -> (artifact id: 'b63447d38cf7b2d61e68621b7c23f764') in 0.007119 seconds
  Import took 0.010200 seconds .

========================================================================
Received Import Request.
  Time since last request: 86.085517 seconds.
  path: Assets/Scripts/GameManager.cs
  artifactKey: Guid(50af97a201ff45b4abd0d5a90eecc019) Importer(815301076,1909f56bfc062723c751e8b465ee728b)
Start importing Assets/Scripts/GameManager.cs using Guid(50af97a201ff45b4abd0d5a90eecc019) Importer(815301076,1909f56bfc062723c751e8b465ee728b)  -> (artifact id: '13b17cf41445e368dc2cb4308f31a523') in 0.008254 seconds
  Import took 0.011040 seconds .

========================================================================
Received Import Request.
  Time since last request: 0.013966 seconds.
  path: Assets/Scripts/GameManager.cs
  artifactKey: Guid(50af97a201ff45b4abd0d5a90eecc019) Importer(815301076,1909f56bfc062723c751e8b465ee728b)
Start importing Assets/Scripts/GameManager.cs using Guid(50af97a201ff45b4abd0d5a90eecc019) Importer(815301076,1909f56bfc062723c751e8b465ee728b)  -> (artifact id: '13b17cf41445e368dc2cb4308f31a523') in 0.006351 seconds
  Import took 0.009341 seconds .

========================================================================
Received Import Request.
  Time since last request: 51.342466 seconds.
  path: Assets/Scripts/MyDoorController.cs
  artifactKey: Guid(de398028f2ad4ab4ca4f130126dcfccb) Importer(815301076,1909f56bfc062723c751e8b465ee728b)
Start importing Assets/Scripts/MyDoorController.cs using Guid(de398028f2ad4ab4ca4f130126dcfccb) Importer(815301076,1909f56bfc062723c751e8b465ee728b)  -> (artifact id: '27e55093e08bfd7a9b06d4d9d1eb23c8') in 0.007338 seconds
  Import took 0.009983 seconds .

========================================================================
Received Import Request.
  Time since last request: 0.013023 seconds.
  path: Assets/Scripts/MyDoorController.cs
  artifactKey: Guid(de398028f2ad4ab4ca4f130126dcfccb) Importer(815301076,1909f56bfc062723c751e8b465ee728b)
Start importing Assets/Scripts/MyDoorController.cs using Guid(de398028f2ad4ab4ca4f130126dcfccb) Importer(815301076,1909f56bfc062723c751e8b465ee728b)  -> (artifact id: '27e55093e08bfd7a9b06d4d9d1eb23c8') in 0.019287 seconds
  Import took 0.022785 seconds .

========================================================================
Received Import Request.
  Time since last request: 824.331668 seconds.
  path: Assets/Scripts/MainMenu.cs
  artifactKey: Guid(93166b189108f16489cfb60f579d8f64) Importer(815301076,1909f56bfc062723c751e8b465ee728b)
Start importing Assets/Scripts/MainMenu.cs using Guid(93166b189108f16489cfb60f579d8f64) Importer(815301076,1909f56bfc062723c751e8b465ee728b)  -> (artifact id: '7e1c86c37d3cd47e1830979255c63fe8') in 0.008744 seconds
  Import took 0.011915 seconds .

========================================================================
Received Import Request.
  Time since last request: 0.004598 seconds.
  path: Assets/Scripts/MainMenu.cs
  artifactKey: Guid(93166b189108f16489cfb60f579d8f64) Importer(815301076,1909f56bfc062723c751e8b465ee728b)
Start importing Assets/Scripts/MainMenu.cs using Guid(93166b189108f16489cfb60f579d8f64) Importer(815301076,1909f56bfc062723c751e8b465ee728b)  -> (artifact id: '7e1c86c37d3cd47e1830979255c63fe8') in 0.006472 seconds
  Import took 0.009372 seconds .

========================================================================
Received Import Request.
  Time since last request: 152.881565 seconds.
  path: Assets/Scripts/SoundManager.cs
  artifactKey: Guid(421d02b3babbb7643b1b7118f6c249d8) Importer(815301076,1909f56bfc062723c751e8b465ee728b)
Start importing Assets/Scripts/SoundManager.cs using Guid(421d02b3babbb7643b1b7118f6c249d8) Importer(815301076,1909f56bfc062723c751e8b465ee728b)  -> (artifact id: 'd63117a32b3e4bd58be857137103819f') in 0.006675 seconds
  Import took 0.009657 seconds .

========================================================================
Received Prepare
Registering precompiled user dll's ...
Registered in 0.012403 seconds.
Begin MonoManager ReloadAssembly
Native extension for WindowsStandalone target not found
Refreshing native plugins compatible for Editor in 0.34 ms, found 0 plugins.
Preloading 0 native plugins for Editor in 0.00 ms.
Invoked RoslynAnalysisRunner static constructor.
RoslynAnalysisRunner will not be running.
RoslynAnalysisRunner has terminated.
Mono: successfully reloaded assembly
- Completed reload, in  1.640 seconds
Platform modules already initialized, skipping
Refreshing native plugins compatible for Editor in 1.33 ms, found 0 plugins.
Preloading 0 native plugins for Editor in 0.00 ms.
Unloading 1386 Unused Serialized files (Serialized files now loaded: 0)
System memory in use before: 68.7 MB.
System memory in use after: 68.8 MB.

Unloading 10 unused Assets to reduce memory usage. Loaded Objects now: 1838.
Total: 11.110200 ms (FindLiveObjects: 1.979600 ms CreateObjectMapping: 0.105400 ms MarkObjects: 8.988200 ms  DeleteObjects: 0.034200 ms)

========================================================================
Received Prepare
Registering precompiled user dll's ...
Registered in 0.010006 seconds.
Begin MonoManager ReloadAssembly
Native extension for WindowsStandalone target not found
Refreshing native plugins compatible for Editor in 0.47 ms, found 0 plugins.
Preloading 0 native plugins for Editor in 0.00 ms.
Invoked RoslynAnalysisRunner static constructor.
RoslynAnalysisRunner will not be running.
RoslynAnalysisRunner has terminated.
Mono: successfully reloaded assembly
- Completed reload, in  1.306 seconds
Platform modules already initialized, skipping
Refreshing native plugins compatible for Editor in 0.34 ms, found 0 plugins.
Preloading 0 native plugins for Editor in 0.00 ms.
Unloading 1386 Unused Serialized files (Serialized files now loaded: 0)
System memory in use before: 68.7 MB.
System memory in use after: 68.8 MB.

Unloading 10 unused Assets to reduce memory usage. Loaded Objects now: 1841.
Total: 1.979600 ms (FindLiveObjects: 0.185400 ms CreateObjectMapping: 0.067600 ms MarkObjects: 1.703400 ms  DeleteObjects: 0.021200 ms)

========================================================================
Received Prepare
Registering precompiled user dll's ...
Registered in 0.011846 seconds.
Begin MonoManager ReloadAssembly
Native extension for WindowsStandalone target not found
Refreshing native plugins compatible for Editor in 0.45 ms, found 0 plugins.
Preloading 0 native plugins for Editor in 0.00 ms.
Invoked RoslynAnalysisRunner static constructor.
RoslynAnalysisRunner will not be running.
RoslynAnalysisRunner has terminated.
Mono: successfully reloaded assembly
- Completed reload, in  2.190 seconds
Platform modules already initialized, skipping
Refreshing native plugins compatible for Editor in 0.83 ms, found 0 plugins.
Preloading 0 native plugins for Editor in 0.00 ms.
Unloading 1386 Unused Serialized files (Serialized files now loaded: 0)
System memory in use before: 68.8 MB.
System memory in use after: 68.9 MB.

Unloading 10 unused Assets to reduce memory usage. Loaded Objects now: 1844.
Total: 6.018500 ms (FindLiveObjects: 0.472700 ms CreateObjectMapping: 0.382700 ms MarkObjects: 5.106400 ms  DeleteObjects: 0.053200 ms)

========================================================================
Received Prepare
Registering precompiled user dll's ...
Registered in 0.011897 seconds.
Begin MonoManager ReloadAssembly
Native extension for WindowsStandalone target not found
Refreshing native plugins compatible for Editor in 0.61 ms, found 0 plugins.
Preloading 0 native plugins for Editor in 0.00 ms.
Invoked RoslynAnalysisRunner static constructor.
RoslynAnalysisRunner will not be running.
RoslynAnalysisRunner has terminated.
Mono: successfully reloaded assembly
- Completed reload, in  1.911 seconds
Platform modules already initialized, skipping
Refreshing native plugins compatible for Editor in 0.54 ms, found 0 plugins.
Preloading 0 native plugins for Editor in 0.00 ms.
Unloading 1386 Unused Serialized files (Serialized files now loaded: 0)
System memory in use before: 68.8 MB.
System memory in use after: 68.9 MB.

Unloading 10 unused Assets to reduce memory usage. Loaded Objects now: 1847.
Total: 4.916400 ms (FindLiveObjects: 0.931200 ms CreateObjectMapping: 0.225200 ms MarkObjects: 3.727700 ms  DeleteObjects: 0.029200 ms)

========================================================================
Received Import Request.
  Time since last request: 2480.251086 seconds.
  path: Assets/Animation/LastDoor.controller
  artifactKey: Guid(2a051fefcd928f64b986147cd9545260) Importer(815301076,1909f56bfc062723c751e8b465ee728b)
Start importing Assets/Animation/LastDoor.controller using Guid(2a051fefcd928f64b986147cd9545260) Importer(815301076,1909f56bfc062723c751e8b465ee728b)  -> (artifact id: '369675e6d9607bd2f5e75b2311b35580') in 0.110688 seconds
  Import took 0.164165 seconds .

========================================================================
Received Import Request.
  Time since last request: 18.545899 seconds.
  path: Assets/Scenes/Mage_Room.unity
  artifactKey: Guid(b94ee59f12f411f488e6df197429e012) Importer(815301076,1909f56bfc062723c751e8b465ee728b)
Start importing Assets/Scenes/Mage_Room.unity using Guid(b94ee59f12f411f488e6df197429e012) Importer(815301076,1909f56bfc062723c751e8b465ee728b)  -> (artifact id: 'a70ce8703f01126e4d5d4df300275cd0') in 0.017120 seconds
  Import took 0.082020 seconds .

========================================================================
Received Prepare
Registering precompiled user dll's ...
Registered in 0.021086 seconds.
Begin MonoManager ReloadAssembly
Native extension for WindowsStandalone target not found
Refreshing native plugins compatible for Editor in 0.56 ms, found 0 plugins.
Preloading 0 native plugins for Editor in 0.00 ms.
Invoked RoslynAnalysisRunner static constructor.
RoslynAnalysisRunner will not be running.
RoslynAnalysisRunner has terminated.
Mono: successfully reloaded assembly
- Completed reload, in  2.646 seconds
Platform modules already initialized, skipping
Refreshing native plugins compatible for Editor in 0.68 ms, found 0 plugins.
Preloading 0 native plugins for Editor in 0.00 ms.
Unloading 1386 Unused Serialized files (Serialized files now loaded: 0)
System memory in use before: 68.8 MB.
System memory in use after: 68.9 MB.

Unloading 10 unused Assets to reduce memory usage. Loaded Objects now: 1850.
Total: 3.182000 ms (FindLiveObjects: 0.335200 ms CreateObjectMapping: 0.245400 ms MarkObjects: 2.576700 ms  DeleteObjects: 0.022100 ms)

========================================================================
Received Prepare
Registering precompiled user dll's ...
Registered in 0.015899 seconds.
Begin MonoManager ReloadAssembly
Native extension for WindowsStandalone target not found
Refreshing native plugins compatible for Editor in 1.30 ms, found 0 plugins.
Preloading 0 native plugins for Editor in 0.00 ms.
Invoked RoslynAnalysisRunner static constructor.
RoslynAnalysisRunner will not be running.
RoslynAnalysisRunner has terminated.
Mono: successfully reloaded assembly
- Completed reload, in  4.103 seconds
Platform modules already initialized, skipping
Refreshing native plugins compatible for Editor in 0.34 ms, found 0 plugins.
Preloading 0 native plugins for Editor in 0.00 ms.
Unloading 1386 Unused Serialized files (Serialized files now loaded: 0)
System memory in use before: 68.8 MB.
System memory in use after: 68.9 MB.

Unloading 10 unused Assets to reduce memory usage. Loaded Objects now: 1853.
Total: 3.405000 ms (FindLiveObjects: 0.412900 ms CreateObjectMapping: 0.125300 ms MarkObjects: 2.829700 ms  DeleteObjects: 0.033300 ms)

========================================================================
Received Prepare
Registering precompiled user dll's ...
Registered in 0.015402 seconds.
Begin MonoManager ReloadAssembly
Native extension for WindowsStandalone target not found
Refreshing native plugins compatible for Editor in 3.24 ms, found 0 plugins.
Preloading 0 native plugins for Editor in 0.00 ms.
Invoked RoslynAnalysisRunner static constructor.
RoslynAnalysisRunner will not be running.
RoslynAnalysisRunner has terminated.
Mono: successfully reloaded assembly
- Completed reload, in  4.617 seconds
Platform modules already initialized, skipping
Refreshing native plugins compatible for Editor in 0.43 ms, found 0 plugins.
Preloading 0 native plugins for Editor in 0.00 ms.
Unloading 1386 Unused Serialized files (Serialized files now loaded: 0)
System memory in use before: 68.8 MB.
System memory in use after: 68.9 MB.

Unloading 10 unused Assets to reduce memory usage. Loaded Objects now: 1856.
Total: 3.127400 ms (FindLiveObjects: 0.462500 ms CreateObjectMapping: 0.109900 ms MarkObjects: 2.110100 ms  DeleteObjects: 0.441500 ms)

AssetImportWorkerClient::OnTransportError - code=2 error=End of file
